{"E:\\express-database\\latihan_database\\src\\logger.js": {"path":"E:\\express-database\\latihan_database\\src\\logger.js","statementMap":{"0":{"start":{"line":3,"column":19},"end":{"line":16,"column":2}}},"fnMap":{},"branchMap":{},"s":{"0":8},"f":{},"b":{},"_coverageSchema":"43e27e138ebf9cfc5966b082cf9a028302ed4184","hash":"e8ace3448932b3ccc1c526df6f92a86ffc6df8f5"}
,"E:\\express-database\\latihan_database\\src\\server.js": {"path":"E:\\express-database\\latihan_database\\src\\server.js","statementMap":{"0":{"start":{"line":7,"column":12},"end":{"line":7,"column":21}},"1":{"start":{"line":8,"column":0},"end":{"line":8,"column":23}},"2":{"start":{"line":9,"column":0},"end":{"line":9,"column":19}},"3":{"start":{"line":10,"column":22},"end":{"line":10,"column":44}},"4":{"start":{"line":11,"column":0},"end":{"line":14,"column":3}},"5":{"start":{"line":12,"column":2},"end":{"line":12,"column":41}},"6":{"start":{"line":13,"column":2},"end":{"line":13,"column":18}}},"fnMap":{"0":{"name":"(anonymous_0)","decl":{"start":{"line":11,"column":19},"end":{"line":11,"column":20}},"loc":{"start":{"line":11,"column":31},"end":{"line":14,"column":1}},"line":11}},"branchMap":{},"s":{"0":4,"1":4,"2":4,"3":4,"4":4,"5":0,"6":0},"f":{"0":0},"b":{},"_coverageSchema":"43e27e138ebf9cfc5966b082cf9a028302ed4184","hash":"cdf2a82ed77192e4b1f67067dfcddef8c353c928"}
,"E:\\express-database\\latihan_database\\src\\controller\\category.controller.js": {"path":"E:\\express-database\\latihan_database\\src\\controller\\category.controller.js","statementMap":{"0":{"start":{"line":4,"column":27},"end":{"line":4,"column":51}},"1":{"start":{"line":6,"column":30},"end":{"line":15,"column":1}},"2":{"start":{"line":7,"column":2},"end":{"line":14,"column":3}},"3":{"start":{"line":8,"column":17},"end":{"line":10,"column":23}},"4":{"start":{"line":11,"column":4},"end":{"line":11,"column":38}},"5":{"start":{"line":13,"column":4},"end":{"line":13,"column":49}},"6":{"start":{"line":17,"column":26},"end":{"line":26,"column":1}},"7":{"start":{"line":18,"column":2},"end":{"line":25,"column":3}},"8":{"start":{"line":19,"column":17},"end":{"line":21,"column":48}},"9":{"start":{"line":22,"column":4},"end":{"line":22,"column":38}},"10":{"start":{"line":24,"column":4},"end":{"line":24,"column":47}},"11":{"start":{"line":28,"column":27},"end":{"line":38,"column":1}},"12":{"start":{"line":29,"column":2},"end":{"line":37,"column":3}},"13":{"start":{"line":30,"column":21},"end":{"line":30,"column":36}},"14":{"start":{"line":31,"column":19},"end":{"line":33,"column":29}},"15":{"start":{"line":34,"column":4},"end":{"line":34,"column":40}},"16":{"start":{"line":36,"column":4},"end":{"line":36,"column":47}},"17":{"start":{"line":40,"column":30},"end":{"line":50,"column":1}},"18":{"start":{"line":41,"column":2},"end":{"line":49,"column":3}},"19":{"start":{"line":42,"column":21},"end":{"line":42,"column":36}},"20":{"start":{"line":43,"column":19},"end":{"line":45,"column":31}},"21":{"start":{"line":46,"column":4},"end":{"line":46,"column":40}},"22":{"start":{"line":48,"column":4},"end":{"line":48,"column":47}},"23":{"start":{"line":52,"column":30},"end":{"line":63,"column":1}},"24":{"start":{"line":53,"column":2},"end":{"line":62,"column":3}},"25":{"start":{"line":54,"column":21},"end":{"line":54,"column":40}},"26":{"start":{"line":55,"column":4},"end":{"line":55,"column":26}},"27":{"start":{"line":56,"column":19},"end":{"line":58,"column":31}},"28":{"start":{"line":59,"column":4},"end":{"line":59,"column":40}},"29":{"start":{"line":61,"column":4},"end":{"line":61,"column":47}}},"fnMap":{"0":{"name":"(anonymous_0)","decl":{"start":{"line":6,"column":30},"end":{"line":6,"column":31}},"loc":{"start":{"line":6,"column":67},"end":{"line":15,"column":1}},"line":6},"1":{"name":"(anonymous_1)","decl":{"start":{"line":17,"column":26},"end":{"line":17,"column":27}},"loc":{"start":{"line":17,"column":63},"end":{"line":26,"column":1}},"line":17},"2":{"name":"(anonymous_2)","decl":{"start":{"line":28,"column":27},"end":{"line":28,"column":28}},"loc":{"start":{"line":28,"column":64},"end":{"line":38,"column":1}},"line":28},"3":{"name":"(anonymous_3)","decl":{"start":{"line":40,"column":30},"end":{"line":40,"column":31}},"loc":{"start":{"line":40,"column":67},"end":{"line":50,"column":1}},"line":40},"4":{"name":"(anonymous_4)","decl":{"start":{"line":52,"column":30},"end":{"line":52,"column":31}},"loc":{"start":{"line":52,"column":67},"end":{"line":63,"column":1}},"line":52}},"branchMap":{},"s":{"0":5,"1":5,"2":3,"3":3,"4":2,"5":1,"6":5,"7":3,"8":3,"9":2,"10":1,"11":5,"12":3,"13":3,"14":3,"15":2,"16":1,"17":5,"18":3,"19":3,"20":3,"21":2,"22":1,"23":5,"24":2,"25":2,"26":1,"27":1,"28":1,"29":1},"f":{"0":3,"1":3,"2":3,"3":3,"4":2},"b":{},"_coverageSchema":"43e27e138ebf9cfc5966b082cf9a028302ed4184","hash":"a79e69a5d198005579a875291429edd34ebfbaee"}
,"E:\\express-database\\latihan_database\\src\\controller\\product.controller.js": {"path":"E:\\express-database\\latihan_database\\src\\controller\\product.controller.js","statementMap":{"0":{"start":{"line":4,"column":26},"end":{"line":4,"column":49}},"1":{"start":{"line":6,"column":29},"end":{"line":15,"column":1}},"2":{"start":{"line":7,"column":2},"end":{"line":14,"column":3}},"3":{"start":{"line":8,"column":17},"end":{"line":10,"column":22}},"4":{"start":{"line":11,"column":4},"end":{"line":11,"column":38}},"5":{"start":{"line":13,"column":4},"end":{"line":13,"column":49}},"6":{"start":{"line":17,"column":26},"end":{"line":26,"column":1}},"7":{"start":{"line":18,"column":2},"end":{"line":25,"column":3}},"8":{"start":{"line":19,"column":17},"end":{"line":21,"column":46}},"9":{"start":{"line":22,"column":4},"end":{"line":22,"column":38}},"10":{"start":{"line":24,"column":4},"end":{"line":24,"column":49}},"11":{"start":{"line":28,"column":26},"end":{"line":38,"column":1}},"12":{"start":{"line":29,"column":2},"end":{"line":37,"column":3}},"13":{"start":{"line":30,"column":20},"end":{"line":30,"column":35}},"14":{"start":{"line":31,"column":19},"end":{"line":33,"column":27}},"15":{"start":{"line":34,"column":4},"end":{"line":34,"column":40}},"16":{"start":{"line":36,"column":4},"end":{"line":36,"column":49}},"17":{"start":{"line":40,"column":29},"end":{"line":50,"column":1}},"18":{"start":{"line":41,"column":2},"end":{"line":49,"column":3}},"19":{"start":{"line":42,"column":20},"end":{"line":42,"column":35}},"20":{"start":{"line":43,"column":19},"end":{"line":45,"column":29}},"21":{"start":{"line":46,"column":4},"end":{"line":46,"column":40}},"22":{"start":{"line":48,"column":4},"end":{"line":48,"column":49}},"23":{"start":{"line":52,"column":29},"end":{"line":62,"column":1}},"24":{"start":{"line":53,"column":2},"end":{"line":61,"column":3}},"25":{"start":{"line":54,"column":20},"end":{"line":54,"column":53}},"26":{"start":{"line":55,"column":19},"end":{"line":57,"column":29}},"27":{"start":{"line":58,"column":4},"end":{"line":58,"column":40}},"28":{"start":{"line":60,"column":4},"end":{"line":60,"column":49}}},"fnMap":{"0":{"name":"(anonymous_0)","decl":{"start":{"line":6,"column":29},"end":{"line":6,"column":30}},"loc":{"start":{"line":6,"column":65},"end":{"line":15,"column":1}},"line":6},"1":{"name":"(anonymous_1)","decl":{"start":{"line":17,"column":26},"end":{"line":17,"column":27}},"loc":{"start":{"line":17,"column":62},"end":{"line":26,"column":1}},"line":17},"2":{"name":"(anonymous_2)","decl":{"start":{"line":28,"column":26},"end":{"line":28,"column":27}},"loc":{"start":{"line":28,"column":62},"end":{"line":38,"column":1}},"line":28},"3":{"name":"(anonymous_3)","decl":{"start":{"line":40,"column":29},"end":{"line":40,"column":30}},"loc":{"start":{"line":40,"column":65},"end":{"line":50,"column":1}},"line":40},"4":{"name":"(anonymous_4)","decl":{"start":{"line":52,"column":29},"end":{"line":52,"column":30}},"loc":{"start":{"line":52,"column":65},"end":{"line":62,"column":1}},"line":52}},"branchMap":{},"s":{"0":5,"1":5,"2":3,"3":3,"4":2,"5":1,"6":5,"7":3,"8":3,"9":2,"10":1,"11":5,"12":3,"13":3,"14":3,"15":2,"16":1,"17":5,"18":3,"19":3,"20":3,"21":2,"22":1,"23":5,"24":3,"25":3,"26":1,"27":1,"28":2},"f":{"0":3,"1":3,"2":3,"3":3,"4":3},"b":{},"_coverageSchema":"43e27e138ebf9cfc5966b082cf9a028302ed4184","hash":"237cfd939b4c8f081a5acf1fa6bc53f85cd8e679"}
,"E:\\express-database\\latihan_database\\src\\controller\\user.controller.js": {"path":"E:\\express-database\\latihan_database\\src\\controller\\user.controller.js","statementMap":{"0":{"start":{"line":4,"column":23},"end":{"line":4,"column":43}},"1":{"start":{"line":6,"column":26},"end":{"line":13,"column":1}},"2":{"start":{"line":7,"column":2},"end":{"line":12,"column":3}},"3":{"start":{"line":8,"column":17},"end":{"line":8,"column":77}},"4":{"start":{"line":9,"column":4},"end":{"line":9,"column":38}},"5":{"start":{"line":11,"column":4},"end":{"line":11,"column":49}},"6":{"start":{"line":15,"column":30},"end":{"line":24,"column":1}},"7":{"start":{"line":16,"column":2},"end":{"line":23,"column":3}},"8":{"start":{"line":17,"column":17},"end":{"line":19,"column":36}},"9":{"start":{"line":20,"column":4},"end":{"line":20,"column":38}},"10":{"start":{"line":22,"column":4},"end":{"line":22,"column":47}},"11":{"start":{"line":26,"column":23},"end":{"line":36,"column":1}},"12":{"start":{"line":27,"column":2},"end":{"line":35,"column":3}},"13":{"start":{"line":28,"column":17},"end":{"line":28,"column":32}},"14":{"start":{"line":29,"column":19},"end":{"line":31,"column":21}},"15":{"start":{"line":32,"column":4},"end":{"line":32,"column":40}},"16":{"start":{"line":34,"column":4},"end":{"line":34,"column":47}}},"fnMap":{"0":{"name":"(anonymous_0)","decl":{"start":{"line":6,"column":26},"end":{"line":6,"column":27}},"loc":{"start":{"line":6,"column":59},"end":{"line":13,"column":1}},"line":6},"1":{"name":"(anonymous_1)","decl":{"start":{"line":15,"column":30},"end":{"line":15,"column":31}},"loc":{"start":{"line":15,"column":63},"end":{"line":24,"column":1}},"line":15},"2":{"name":"(anonymous_2)","decl":{"start":{"line":26,"column":23},"end":{"line":26,"column":24}},"loc":{"start":{"line":26,"column":56},"end":{"line":36,"column":1}},"line":26}},"branchMap":{},"s":{"0":5,"1":5,"2":3,"3":3,"4":2,"5":1,"6":5,"7":3,"8":3,"9":2,"10":1,"11":5,"12":3,"13":3,"14":3,"15":2,"16":1},"f":{"0":3,"1":3,"2":3},"b":{},"_coverageSchema":"43e27e138ebf9cfc5966b082cf9a028302ed4184","hash":"310f6d99a506f71ffc0cb05da2d5fa7fde6eadd3"}
,"E:\\express-database\\latihan_database\\src\\controller\\userInfo.controller.js": {"path":"E:\\express-database\\latihan_database\\src\\controller\\userInfo.controller.js","statementMap":{"0":{"start":{"line":4,"column":27},"end":{"line":4,"column":51}},"1":{"start":{"line":6,"column":30},"end":{"line":15,"column":1}},"2":{"start":{"line":7,"column":2},"end":{"line":14,"column":3}},"3":{"start":{"line":8,"column":17},"end":{"line":10,"column":23}},"4":{"start":{"line":11,"column":4},"end":{"line":11,"column":38}},"5":{"start":{"line":13,"column":4},"end":{"line":13,"column":49}},"6":{"start":{"line":17,"column":34},"end":{"line":26,"column":1}},"7":{"start":{"line":18,"column":2},"end":{"line":25,"column":3}},"8":{"start":{"line":19,"column":17},"end":{"line":21,"column":40}},"9":{"start":{"line":22,"column":4},"end":{"line":22,"column":38}},"10":{"start":{"line":24,"column":4},"end":{"line":24,"column":47}}},"fnMap":{"0":{"name":"(anonymous_0)","decl":{"start":{"line":6,"column":30},"end":{"line":6,"column":31}},"loc":{"start":{"line":6,"column":67},"end":{"line":15,"column":1}},"line":6},"1":{"name":"(anonymous_1)","decl":{"start":{"line":17,"column":34},"end":{"line":17,"column":35}},"loc":{"start":{"line":17,"column":71},"end":{"line":26,"column":1}},"line":17}},"branchMap":{},"s":{"0":5,"1":5,"2":3,"3":3,"4":2,"5":1,"6":5,"7":3,"8":3,"9":2,"10":1},"f":{"0":3,"1":3},"b":{},"_coverageSchema":"43e27e138ebf9cfc5966b082cf9a028302ed4184","hash":"c8a9315f46186766b2e6a677a91a57573931eed7"}
,"E:\\express-database\\latihan_database\\src\\entities\\category.schema.js": {"path":"E:\\express-database\\latihan_database\\src\\entities\\category.schema.js","statementMap":{"0":{"start":{"line":4,"column":23},"end":{"line":32,"column":2}}},"fnMap":{},"branchMap":{},"s":{"0":5},"f":{},"b":{},"_coverageSchema":"43e27e138ebf9cfc5966b082cf9a028302ed4184","hash":"e995e69a9d1b85a370f2202e34ce478e9d2ee647"}
,"E:\\express-database\\latihan_database\\src\\entities\\product.schema.js": {"path":"E:\\express-database\\latihan_database\\src\\entities\\product.schema.js","statementMap":{"0":{"start":{"line":4,"column":22},"end":{"line":48,"column":2}}},"fnMap":{},"branchMap":{},"s":{"0":5},"f":{},"b":{},"_coverageSchema":"43e27e138ebf9cfc5966b082cf9a028302ed4184","hash":"2e83503d7e675424f3c25158db6cadfd65f79f5d"}
,"E:\\express-database\\latihan_database\\src\\entities\\status.schema.js": {"path":"E:\\express-database\\latihan_database\\src\\entities\\status.schema.js","statementMap":{"0":{"start":{"line":4,"column":21},"end":{"line":31,"column":2}}},"fnMap":{},"branchMap":{},"s":{"0":5},"f":{},"b":{},"_coverageSchema":"43e27e138ebf9cfc5966b082cf9a028302ed4184","hash":"6220b4a18d45c0a9d88867c5804c214d5cbff772"}
,"E:\\express-database\\latihan_database\\src\\entities\\user.schema.js": {"path":"E:\\express-database\\latihan_database\\src\\entities\\user.schema.js","statementMap":{"0":{"start":{"line":4,"column":19},"end":{"line":32,"column":2}}},"fnMap":{},"branchMap":{},"s":{"0":5},"f":{},"b":{},"_coverageSchema":"43e27e138ebf9cfc5966b082cf9a028302ed4184","hash":"5520bd24f3090932d0c2409a8f5d05c47638c2bb"}
,"E:\\express-database\\latihan_database\\src\\entities\\userInfo.schema.js": {"path":"E:\\express-database\\latihan_database\\src\\entities\\userInfo.schema.js","statementMap":{"0":{"start":{"line":4,"column":23},"end":{"line":44,"column":2}}},"fnMap":{},"branchMap":{},"s":{"0":5},"f":{},"b":{},"_coverageSchema":"43e27e138ebf9cfc5966b082cf9a028302ed4184","hash":"527daf81d5ca22681022f8c440ebe8d157dfe7a9"}
,"E:\\express-database\\latihan_database\\src\\events\\logging.event.js": {"path":"E:\\express-database\\latihan_database\\src\\events\\logging.event.js","statementMap":{"0":{"start":{"line":4,"column":29},"end":{"line":4,"column":54}},"1":{"start":{"line":14,"column":0},"end":{"line":17,"column":3}},"2":{"start":{"line":15,"column":2},"end":{"line":15,"column":48}},"3":{"start":{"line":16,"column":2},"end":{"line":16,"column":49}},"4":{"start":{"line":23,"column":0},"end":{"line":28,"column":3}},"5":{"start":{"line":24,"column":2},"end":{"line":24,"column":53}},"6":{"start":{"line":25,"column":2},"end":{"line":27,"column":74}},"7":{"start":{"line":30,"column":28},"end":{"line":30,"column":53}}},"fnMap":{"0":{"name":"(anonymous_0)","decl":{"start":{"line":14,"column":26},"end":{"line":14,"column":27}},"loc":{"start":{"line":14,"column":45},"end":{"line":17,"column":1}},"line":14},"1":{"name":"(anonymous_1)","decl":{"start":{"line":23,"column":31},"end":{"line":23,"column":32}},"loc":{"start":{"line":23,"column":50},"end":{"line":28,"column":1}},"line":23}},"branchMap":{},"s":{"0":8,"1":8,"2":4,"3":4,"4":8,"5":16,"6":16,"7":8},"f":{"0":4,"1":16},"b":{},"_coverageSchema":"43e27e138ebf9cfc5966b082cf9a028302ed4184","hash":"471e26ee5e807d51214c4dec1e8c2190bd2b5c7f"}
,"E:\\express-database\\latihan_database\\src\\middlewares\\app-middleware.js": {"path":"E:\\express-database\\latihan_database\\src\\middlewares\\app-middleware.js","statementMap":{},"fnMap":{},"branchMap":{},"s":{},"f":{},"b":{},"_coverageSchema":"43e27e138ebf9cfc5966b082cf9a028302ed4184","hash":"3d9ff75c9801424c6b4c61bb3285ae99c03731e8"}
,"E:\\express-database\\latihan_database\\src\\model\\category.model.js": {"path":"E:\\express-database\\latihan_database\\src\\model\\category.model.js","statementMap":{"0":{"start":{"line":3,"column":4},"end":{"line":3,"column":17}},"1":{"start":{"line":4,"column":4},"end":{"line":4,"column":37}},"2":{"start":{"line":5,"column":4},"end":{"line":5,"column":25}}},"fnMap":{"0":{"name":"(anonymous_0)","decl":{"start":{"line":2,"column":2},"end":{"line":2,"column":3}},"loc":{"start":{"line":2,"column":40},"end":{"line":6,"column":3}},"line":2}},"branchMap":{},"s":{"0":15,"1":15,"2":15},"f":{"0":15},"b":{},"_coverageSchema":"43e27e138ebf9cfc5966b082cf9a028302ed4184","hash":"f5f62df48a73b4a754927ee667a930cf0a8634fc"}
,"E:\\express-database\\latihan_database\\src\\model\\product.model.js": {"path":"E:\\express-database\\latihan_database\\src\\model\\product.model.js","statementMap":{"0":{"start":{"line":3,"column":4},"end":{"line":3,"column":31}},"1":{"start":{"line":4,"column":4},"end":{"line":4,"column":35}},"2":{"start":{"line":5,"column":4},"end":{"line":5,"column":23}},"3":{"start":{"line":6,"column":4},"end":{"line":6,"column":25}}},"fnMap":{"0":{"name":"(anonymous_0)","decl":{"start":{"line":2,"column":2},"end":{"line":2,"column":3}},"loc":{"start":{"line":2,"column":53},"end":{"line":7,"column":3}},"line":2}},"branchMap":{},"s":{"0":10,"1":10,"2":10,"3":10},"f":{"0":10},"b":{},"_coverageSchema":"43e27e138ebf9cfc5966b082cf9a028302ed4184","hash":"069b9e3e3923cd7c73b20e3af93c4c64c81c3567"}
,"E:\\express-database\\latihan_database\\src\\model\\status.model.js": {"path":"E:\\express-database\\latihan_database\\src\\model\\status.model.js","statementMap":{"0":{"start":{"line":3,"column":4},"end":{"line":3,"column":29}},"1":{"start":{"line":4,"column":4},"end":{"line":4,"column":33}}},"fnMap":{"0":{"name":"(anonymous_0)","decl":{"start":{"line":2,"column":2},"end":{"line":2,"column":3}},"loc":{"start":{"line":2,"column":36},"end":{"line":5,"column":3}},"line":2}},"branchMap":{},"s":{"0":17,"1":17},"f":{"0":17},"b":{},"_coverageSchema":"43e27e138ebf9cfc5966b082cf9a028302ed4184","hash":"913fa37be8830f4e9688ae0c51d01eb2172037a8"}
,"E:\\express-database\\latihan_database\\src\\model\\user.model.js": {"path":"E:\\express-database\\latihan_database\\src\\model\\user.model.js","statementMap":{"0":{"start":{"line":3,"column":4},"end":{"line":3,"column":25}},"1":{"start":{"line":4,"column":4},"end":{"line":4,"column":33}},"2":{"start":{"line":5,"column":4},"end":{"line":5,"column":29}},"3":{"start":{"line":6,"column":4},"end":{"line":6,"column":29}}},"fnMap":{"0":{"name":"(anonymous_0)","decl":{"start":{"line":2,"column":2},"end":{"line":2,"column":3}},"loc":{"start":{"line":2,"column":54},"end":{"line":7,"column":3}},"line":2}},"branchMap":{},"s":{"0":7,"1":7,"2":7,"3":7},"f":{"0":7},"b":{},"_coverageSchema":"43e27e138ebf9cfc5966b082cf9a028302ed4184","hash":"371f189d3788bda1231653208c0c78dc6929f987"}
,"E:\\express-database\\latihan_database\\src\\model\\userInfo.model.js": {"path":"E:\\express-database\\latihan_database\\src\\model\\userInfo.model.js","statementMap":{"0":{"start":{"line":3,"column":4},"end":{"line":3,"column":37}},"1":{"start":{"line":4,"column":4},"end":{"line":4,"column":41}},"2":{"start":{"line":5,"column":4},"end":{"line":5,"column":37}},"3":{"start":{"line":6,"column":4},"end":{"line":6,"column":33}},"4":{"start":{"line":7,"column":4},"end":{"line":7,"column":23}}},"fnMap":{"0":{"name":"(anonymous_0)","decl":{"start":{"line":2,"column":2},"end":{"line":2,"column":3}},"loc":{"start":{"line":2,"column":77},"end":{"line":8,"column":3}},"line":2}},"branchMap":{},"s":{"0":9,"1":9,"2":9,"3":9,"4":9},"f":{"0":9},"b":{},"_coverageSchema":"43e27e138ebf9cfc5966b082cf9a028302ed4184","hash":"f9de4972ea015aa69a36c3e5911d46e753d7768a"}
,"E:\\express-database\\latihan_database\\src\\repository\\CategoryRepository.js": {"path":"E:\\express-database\\latihan_database\\src\\repository\\CategoryRepository.js","statementMap":{"0":{"start":{"line":6,"column":4},"end":{"line":6,"column":35}},"1":{"start":{"line":10,"column":21},"end":{"line":10,"column":59}},"2":{"start":{"line":11,"column":4},"end":{"line":11,"column":20}},"3":{"start":{"line":15,"column":21},"end":{"line":17,"column":6}},"4":{"start":{"line":18,"column":4},"end":{"line":18,"column":20}},"5":{"start":{"line":29,"column":25},"end":{"line":29,"column":71}},"6":{"start":{"line":30,"column":4},"end":{"line":30,"column":24}},"7":{"start":{"line":33,"column":27},"end":{"line":33,"column":73}},"8":{"start":{"line":34,"column":4},"end":{"line":34,"column":26}},"9":{"start":{"line":37,"column":27},"end":{"line":37,"column":75}},"10":{"start":{"line":38,"column":4},"end":{"line":38,"column":64}},"11":{"start":{"line":39,"column":4},"end":{"line":39,"column":27}},"12":{"start":{"line":40,"column":4},"end":{"line":40,"column":26}}},"fnMap":{"0":{"name":"(anonymous_0)","decl":{"start":{"line":5,"column":2},"end":{"line":5,"column":3}},"loc":{"start":{"line":5,"column":23},"end":{"line":7,"column":3}},"line":5},"1":{"name":"(anonymous_1)","decl":{"start":{"line":9,"column":2},"end":{"line":9,"column":3}},"loc":{"start":{"line":9,"column":26},"end":{"line":12,"column":3}},"line":9},"2":{"name":"(anonymous_2)","decl":{"start":{"line":14,"column":2},"end":{"line":14,"column":3}},"loc":{"start":{"line":14,"column":20},"end":{"line":19,"column":3}},"line":14},"3":{"name":"(anonymous_3)","decl":{"start":{"line":28,"column":2},"end":{"line":28,"column":3}},"loc":{"start":{"line":28,"column":31},"end":{"line":31,"column":3}},"line":28},"4":{"name":"(anonymous_4)","decl":{"start":{"line":32,"column":2},"end":{"line":32,"column":3}},"loc":{"start":{"line":32,"column":33},"end":{"line":35,"column":3}},"line":32},"5":{"name":"(anonymous_5)","decl":{"start":{"line":36,"column":2},"end":{"line":36,"column":3}},"loc":{"start":{"line":36,"column":33},"end":{"line":41,"column":3}},"line":36}},"branchMap":{},"s":{"0":14,"1":7,"2":4,"3":2,"4":1,"5":2,"6":1,"7":2,"8":1,"9":1,"10":1,"11":1,"12":1},"f":{"0":14,"1":7,"2":2,"3":2,"4":2,"5":1},"b":{},"_coverageSchema":"43e27e138ebf9cfc5966b082cf9a028302ed4184","hash":"5c272e6aa341fc39fa8af9872c3b07b0ee140418"}
,"E:\\express-database\\latihan_database\\src\\repository\\ProductRepository.js": {"path":"E:\\express-database\\latihan_database\\src\\repository\\ProductRepository.js","statementMap":{"0":{"start":{"line":6,"column":4},"end":{"line":6,"column":34}},"1":{"start":{"line":10,"column":20},"end":{"line":10,"column":57}},"2":{"start":{"line":11,"column":4},"end":{"line":11,"column":19}},"3":{"start":{"line":15,"column":4},"end":{"line":15,"column":20}},"4":{"start":{"line":16,"column":20},"end":{"line":18,"column":6}},"5":{"start":{"line":19,"column":4},"end":{"line":19,"column":19}},"6":{"start":{"line":23,"column":24},"end":{"line":23,"column":68}},"7":{"start":{"line":24,"column":4},"end":{"line":24,"column":23}},"8":{"start":{"line":27,"column":26},"end":{"line":27,"column":70}},"9":{"start":{"line":28,"column":4},"end":{"line":28,"column":25}},"10":{"start":{"line":31,"column":26},"end":{"line":31,"column":72}},"11":{"start":{"line":32,"column":4},"end":{"line":32,"column":25}}},"fnMap":{"0":{"name":"(anonymous_0)","decl":{"start":{"line":5,"column":2},"end":{"line":5,"column":3}},"loc":{"start":{"line":5,"column":22},"end":{"line":7,"column":3}},"line":5},"1":{"name":"(anonymous_1)","decl":{"start":{"line":9,"column":2},"end":{"line":9,"column":3}},"loc":{"start":{"line":9,"column":25},"end":{"line":12,"column":3}},"line":9},"2":{"name":"(anonymous_2)","decl":{"start":{"line":14,"column":2},"end":{"line":14,"column":3}},"loc":{"start":{"line":14,"column":20},"end":{"line":20,"column":3}},"line":14},"3":{"name":"(anonymous_3)","decl":{"start":{"line":22,"column":2},"end":{"line":22,"column":3}},"loc":{"start":{"line":22,"column":29},"end":{"line":25,"column":3}},"line":22},"4":{"name":"(anonymous_4)","decl":{"start":{"line":26,"column":2},"end":{"line":26,"column":3}},"loc":{"start":{"line":26,"column":31},"end":{"line":29,"column":3}},"line":26},"5":{"name":"(anonymous_5)","decl":{"start":{"line":30,"column":2},"end":{"line":30,"column":3}},"loc":{"start":{"line":30,"column":31},"end":{"line":33,"column":3}},"line":30}},"branchMap":{},"s":{"0":14,"1":7,"2":4,"3":2,"4":2,"5":1,"6":2,"7":1,"8":2,"9":1,"10":1,"11":1},"f":{"0":14,"1":7,"2":2,"3":2,"4":2,"5":1},"b":{},"_coverageSchema":"43e27e138ebf9cfc5966b082cf9a028302ed4184","hash":"69652a54485019c711bff419421e1c93209575f1"}
,"E:\\express-database\\latihan_database\\src\\repository\\UserInfoRepository.js": {"path":"E:\\express-database\\latihan_database\\src\\repository\\UserInfoRepository.js","statementMap":{"0":{"start":{"line":6,"column":4},"end":{"line":6,"column":35}},"1":{"start":{"line":10,"column":21},"end":{"line":10,"column":59}},"2":{"start":{"line":11,"column":4},"end":{"line":11,"column":20}},"3":{"start":{"line":15,"column":21},"end":{"line":17,"column":6}},"4":{"start":{"line":18,"column":4},"end":{"line":18,"column":20}}},"fnMap":{"0":{"name":"(anonymous_0)","decl":{"start":{"line":5,"column":2},"end":{"line":5,"column":3}},"loc":{"start":{"line":5,"column":23},"end":{"line":7,"column":3}},"line":5},"1":{"name":"(anonymous_1)","decl":{"start":{"line":9,"column":2},"end":{"line":9,"column":3}},"loc":{"start":{"line":9,"column":26},"end":{"line":12,"column":3}},"line":9},"2":{"name":"(anonymous_2)","decl":{"start":{"line":14,"column":2},"end":{"line":14,"column":3}},"loc":{"start":{"line":14,"column":20},"end":{"line":19,"column":3}},"line":14}},"branchMap":{},"s":{"0":4,"1":2,"2":1,"3":2,"4":1},"f":{"0":4,"1":2,"2":2},"b":{},"_coverageSchema":"43e27e138ebf9cfc5966b082cf9a028302ed4184","hash":"947073b3c665ac69a8e52e999ca14e8c978f2d21"}
,"E:\\express-database\\latihan_database\\src\\repository\\UserRepository.js": {"path":"E:\\express-database\\latihan_database\\src\\repository\\UserRepository.js","statementMap":{"0":{"start":{"line":6,"column":4},"end":{"line":6,"column":31}},"1":{"start":{"line":10,"column":17},"end":{"line":12,"column":47}},"2":{"start":{"line":16,"column":17},"end":{"line":16,"column":31}},"3":{"start":{"line":17,"column":4},"end":{"line":17,"column":16}},"4":{"start":{"line":33,"column":17},"end":{"line":35,"column":6}},"5":{"start":{"line":36,"column":4},"end":{"line":36,"column":16}},"6":{"start":{"line":40,"column":4},"end":{"line":40,"column":28}},"7":{"start":{"line":41,"column":21},"end":{"line":41,"column":59}},"8":{"start":{"line":42,"column":4},"end":{"line":42,"column":32}},"9":{"start":{"line":43,"column":4},"end":{"line":43,"column":20}}},"fnMap":{"0":{"name":"(anonymous_0)","decl":{"start":{"line":5,"column":2},"end":{"line":5,"column":3}},"loc":{"start":{"line":5,"column":19},"end":{"line":7,"column":3}},"line":5},"1":{"name":"(anonymous_1)","decl":{"start":{"line":9,"column":2},"end":{"line":9,"column":3}},"loc":{"start":{"line":9,"column":22},"end":{"line":18,"column":3}},"line":9},"2":{"name":"(anonymous_2)","decl":{"start":{"line":32,"column":2},"end":{"line":32,"column":3}},"loc":{"start":{"line":32,"column":20},"end":{"line":37,"column":3}},"line":32},"3":{"name":"(anonymous_3)","decl":{"start":{"line":39,"column":2},"end":{"line":39,"column":3}},"loc":{"start":{"line":39,"column":23},"end":{"line":44,"column":3}},"line":39}},"branchMap":{},"s":{"0":4,"1":2,"2":1,"3":1,"4":2,"5":1,"6":2,"7":2,"8":1,"9":1},"f":{"0":4,"1":2,"2":2,"3":2},"b":{},"_coverageSchema":"43e27e138ebf9cfc5966b082cf9a028302ed4184","hash":"b01817cbfb311bc2b6e170aa6ec683daea38a364"}
,"E:\\express-database\\latihan_database\\src\\routes\\CategoryRouter.js": {"path":"E:\\express-database\\latihan_database\\src\\routes\\CategoryRouter.js","statementMap":{"0":{"start":{"line":11,"column":23},"end":{"line":20,"column":3}},"1":{"start":{"line":12,"column":29},"end":{"line":12,"column":76}},"2":{"start":{"line":14,"column":4},"end":{"line":14,"column":47}},"3":{"start":{"line":16,"column":30},"end":{"line":16,"column":74}},"4":{"start":{"line":17,"column":32},"end":{"line":17,"column":79}},"5":{"start":{"line":19,"column":4},"end":{"line":19,"column":51}}},"fnMap":{"0":{"name":"(anonymous_0)","decl":{"start":{"line":12,"column":15},"end":{"line":12,"column":16}},"loc":{"start":{"line":12,"column":29},"end":{"line":12,"column":76}},"line":12},"1":{"name":"(anonymous_1)","decl":{"start":{"line":13,"column":34},"end":{"line":13,"column":35}},"loc":{"start":{"line":14,"column":4},"end":{"line":14,"column":47}},"line":14},"2":{"name":"(anonymous_2)","decl":{"start":{"line":16,"column":16},"end":{"line":16,"column":17}},"loc":{"start":{"line":16,"column":30},"end":{"line":16,"column":74}},"line":16},"3":{"name":"(anonymous_3)","decl":{"start":{"line":17,"column":18},"end":{"line":17,"column":19}},"loc":{"start":{"line":17,"column":32},"end":{"line":17,"column":79}},"line":17},"4":{"name":"(anonymous_4)","decl":{"start":{"line":18,"column":21},"end":{"line":18,"column":22}},"loc":{"start":{"line":19,"column":4},"end":{"line":19,"column":51}},"line":19}},"branchMap":{},"s":{"0":4,"1":1,"2":1,"3":1,"4":1,"5":1},"f":{"0":1,"1":1,"2":1,"3":1,"4":1},"b":{},"_coverageSchema":"43e27e138ebf9cfc5966b082cf9a028302ed4184","hash":"8ba757a8f043597a4e2b70ccafeb157205078762"}
,"E:\\express-database\\latihan_database\\src\\routes\\ProductRouter.js": {"path":"E:\\express-database\\latihan_database\\src\\routes\\ProductRouter.js","statementMap":{"0":{"start":{"line":11,"column":22},"end":{"line":20,"column":3}},"1":{"start":{"line":12,"column":29},"end":{"line":12,"column":74}},"2":{"start":{"line":14,"column":4},"end":{"line":14,"column":46}},"3":{"start":{"line":16,"column":30},"end":{"line":16,"column":72}},"4":{"start":{"line":17,"column":32},"end":{"line":17,"column":77}},"5":{"start":{"line":19,"column":4},"end":{"line":19,"column":49}}},"fnMap":{"0":{"name":"(anonymous_0)","decl":{"start":{"line":12,"column":15},"end":{"line":12,"column":16}},"loc":{"start":{"line":12,"column":29},"end":{"line":12,"column":74}},"line":12},"1":{"name":"(anonymous_1)","decl":{"start":{"line":13,"column":33},"end":{"line":13,"column":34}},"loc":{"start":{"line":14,"column":4},"end":{"line":14,"column":46}},"line":14},"2":{"name":"(anonymous_2)","decl":{"start":{"line":16,"column":16},"end":{"line":16,"column":17}},"loc":{"start":{"line":16,"column":30},"end":{"line":16,"column":72}},"line":16},"3":{"name":"(anonymous_3)","decl":{"start":{"line":17,"column":18},"end":{"line":17,"column":19}},"loc":{"start":{"line":17,"column":32},"end":{"line":17,"column":77}},"line":17},"4":{"name":"(anonymous_4)","decl":{"start":{"line":18,"column":21},"end":{"line":18,"column":22}},"loc":{"start":{"line":19,"column":4},"end":{"line":19,"column":49}},"line":19}},"branchMap":{},"s":{"0":4,"1":1,"2":1,"3":1,"4":1,"5":1},"f":{"0":1,"1":1,"2":1,"3":1,"4":1},"b":{},"_coverageSchema":"43e27e138ebf9cfc5966b082cf9a028302ed4184","hash":"2f5cdea3e323b0df3bb82d63de79de36b10a041f"}
,"E:\\express-database\\latihan_database\\src\\routes\\UserInfoRouter.js": {"path":"E:\\express-database\\latihan_database\\src\\routes\\UserInfoRouter.js","statementMap":{"0":{"start":{"line":8,"column":23},"end":{"line":12,"column":3}},"1":{"start":{"line":9,"column":29},"end":{"line":9,"column":76}},"2":{"start":{"line":11,"column":4},"end":{"line":11,"column":55}}},"fnMap":{"0":{"name":"(anonymous_0)","decl":{"start":{"line":9,"column":15},"end":{"line":9,"column":16}},"loc":{"start":{"line":9,"column":29},"end":{"line":9,"column":76}},"line":9},"1":{"name":"(anonymous_1)","decl":{"start":{"line":10,"column":35},"end":{"line":10,"column":36}},"loc":{"start":{"line":11,"column":4},"end":{"line":11,"column":55}},"line":11}},"branchMap":{},"s":{"0":4,"1":1,"2":1},"f":{"0":1,"1":1},"b":{},"_coverageSchema":"43e27e138ebf9cfc5966b082cf9a028302ed4184","hash":"2e3ca0e09feb381eba6059ee2ee717ca27a482a9"}
,"E:\\express-database\\latihan_database\\src\\routes\\UserRouter.js": {"path":"E:\\express-database\\latihan_database\\src\\routes\\UserRouter.js","statementMap":{"0":{"start":{"line":9,"column":19},"end":{"line":14,"column":67}},"1":{"start":{"line":10,"column":29},"end":{"line":10,"column":68}},"2":{"start":{"line":12,"column":4},"end":{"line":12,"column":47}},"3":{"start":{"line":14,"column":30},"end":{"line":14,"column":66}}},"fnMap":{"0":{"name":"(anonymous_0)","decl":{"start":{"line":10,"column":15},"end":{"line":10,"column":16}},"loc":{"start":{"line":10,"column":29},"end":{"line":10,"column":68}},"line":10},"1":{"name":"(anonymous_1)","decl":{"start":{"line":11,"column":30},"end":{"line":11,"column":31}},"loc":{"start":{"line":12,"column":4},"end":{"line":12,"column":47}},"line":12},"2":{"name":"(anonymous_2)","decl":{"start":{"line":14,"column":16},"end":{"line":14,"column":17}},"loc":{"start":{"line":14,"column":30},"end":{"line":14,"column":66}},"line":14}},"branchMap":{},"s":{"0":4,"1":1,"2":1,"3":1},"f":{"0":1,"1":1,"2":1},"b":{},"_coverageSchema":"43e27e138ebf9cfc5966b082cf9a028302ed4184","hash":"886de64b3731227dba13b869957b873f57d35e9d"}
,"E:\\express-database\\latihan_database\\src\\routes\\index.js": {"path":"E:\\express-database\\latihan_database\\src\\routes\\index.js","statementMap":{"0":{"start":{"line":33,"column":6},"end":{"line":33,"column":123}},"1":{"start":{"line":34,"column":4},"end":{"line":40,"column":7}},"2":{"start":{"line":35,"column":6},"end":{"line":39,"column":7}},"3":{"start":{"line":36,"column":8},"end":{"line":36,"column":44}},"4":{"start":{"line":38,"column":8},"end":{"line":38,"column":31}},"5":{"start":{"line":53,"column":4},"end":{"line":53,"column":42}}},"fnMap":{"0":{"name":"(anonymous_0)","decl":{"start":{"line":31,"column":18},"end":{"line":31,"column":19}},"loc":{"start":{"line":31,"column":32},"end":{"line":41,"column":3}},"line":31},"1":{"name":"(anonymous_1)","decl":{"start":{"line":34,"column":20},"end":{"line":34,"column":21}},"loc":{"start":{"line":34,"column":30},"end":{"line":40,"column":5}},"line":34},"2":{"name":"(anonymous_2)","decl":{"start":{"line":47,"column":7},"end":{"line":47,"column":8}},"loc":{"start":{"line":47,"column":27},"end":{"line":54,"column":3}},"line":47}},"branchMap":{"0":{"loc":{"start":{"line":35,"column":6},"end":{"line":39,"column":7}},"type":"if","locations":[{"start":{"line":35,"column":6},"end":{"line":39,"column":7}},{"start":{"line":35,"column":6},"end":{"line":39,"column":7}}],"line":35}},"s":{"0":0,"1":0,"2":0,"3":0,"4":0,"5":4},"f":{"0":0,"1":0,"2":4},"b":{"0":[0,0]},"_coverageSchema":"43e27e138ebf9cfc5966b082cf9a028302ed4184","hash":"6d4ae017b9318744c52015a812275fd1a17f32b6"}
,"E:\\express-database\\latihan_database\\src\\service\\CategoryService.js": {"path":"E:\\express-database\\latihan_database\\src\\service\\CategoryService.js","statementMap":{"0":{"start":{"line":3,"column":4},"end":{"line":3,"column":21}},"1":{"start":{"line":4,"column":4},"end":{"line":4,"column":16}},"2":{"start":{"line":8,"column":4},"end":{"line":8,"column":39}},"3":{"start":{"line":11,"column":4},"end":{"line":11,"column":41}},"4":{"start":{"line":14,"column":4},"end":{"line":14,"column":37}},"5":{"start":{"line":16,"column":4},"end":{"line":16,"column":33}},"6":{"start":{"line":19,"column":4},"end":{"line":19,"column":39}},"7":{"start":{"line":21,"column":4},"end":{"line":21,"column":33}},"8":{"start":{"line":24,"column":4},"end":{"line":24,"column":39}},"9":{"start":{"line":25,"column":4},"end":{"line":25,"column":33}}},"fnMap":{"0":{"name":"(anonymous_0)","decl":{"start":{"line":2,"column":2},"end":{"line":2,"column":3}},"loc":{"start":{"line":2,"column":22},"end":{"line":5,"column":3}},"line":2},"1":{"name":"(anonymous_1)","decl":{"start":{"line":7,"column":2},"end":{"line":7,"column":3}},"loc":{"start":{"line":7,"column":19},"end":{"line":9,"column":3}},"line":7},"2":{"name":"(anonymous_2)","decl":{"start":{"line":10,"column":2},"end":{"line":10,"column":3}},"loc":{"start":{"line":10,"column":41},"end":{"line":12,"column":3}},"line":10},"3":{"name":"(anonymous_3)","decl":{"start":{"line":13,"column":2},"end":{"line":13,"column":3}},"loc":{"start":{"line":13,"column":25},"end":{"line":17,"column":3}},"line":13},"4":{"name":"(anonymous_4)","decl":{"start":{"line":18,"column":2},"end":{"line":18,"column":3}},"loc":{"start":{"line":18,"column":27},"end":{"line":22,"column":3}},"line":18},"5":{"name":"(anonymous_5)","decl":{"start":{"line":23,"column":2},"end":{"line":23,"column":3}},"loc":{"start":{"line":23,"column":27},"end":{"line":26,"column":3}},"line":23}},"branchMap":{},"s":{"0":18,"1":18,"2":11,"3":3,"4":3,"5":3,"6":3,"7":3,"8":2,"9":2},"f":{"0":18,"1":11,"2":3,"3":3,"4":3,"5":2},"b":{},"_coverageSchema":"43e27e138ebf9cfc5966b082cf9a028302ed4184","hash":"d80baebc26ea5f5530f60beda41aec7c8a712679"}
,"E:\\express-database\\latihan_database\\src\\service\\ProductService.js": {"path":"E:\\express-database\\latihan_database\\src\\service\\ProductService.js","statementMap":{"0":{"start":{"line":3,"column":4},"end":{"line":3,"column":21}},"1":{"start":{"line":4,"column":4},"end":{"line":4,"column":16}},"2":{"start":{"line":9,"column":4},"end":{"line":9,"column":38}},"3":{"start":{"line":12,"column":4},"end":{"line":12,"column":27}},"4":{"start":{"line":13,"column":4},"end":{"line":13,"column":40}},"5":{"start":{"line":16,"column":4},"end":{"line":16,"column":36}},"6":{"start":{"line":18,"column":4},"end":{"line":18,"column":32}},"7":{"start":{"line":21,"column":4},"end":{"line":21,"column":38}},"8":{"start":{"line":23,"column":4},"end":{"line":23,"column":32}},"9":{"start":{"line":26,"column":4},"end":{"line":26,"column":38}},"10":{"start":{"line":27,"column":4},"end":{"line":27,"column":32}}},"fnMap":{"0":{"name":"(anonymous_0)","decl":{"start":{"line":2,"column":2},"end":{"line":2,"column":3}},"loc":{"start":{"line":2,"column":22},"end":{"line":5,"column":3}},"line":2},"1":{"name":"(anonymous_1)","decl":{"start":{"line":7,"column":2},"end":{"line":7,"column":3}},"loc":{"start":{"line":7,"column":18},"end":{"line":10,"column":3}},"line":7},"2":{"name":"(anonymous_2)","decl":{"start":{"line":11,"column":2},"end":{"line":11,"column":3}},"loc":{"start":{"line":11,"column":38},"end":{"line":14,"column":3}},"line":11},"3":{"name":"(anonymous_3)","decl":{"start":{"line":15,"column":2},"end":{"line":15,"column":3}},"loc":{"start":{"line":15,"column":24},"end":{"line":19,"column":3}},"line":15},"4":{"name":"(anonymous_4)","decl":{"start":{"line":20,"column":2},"end":{"line":20,"column":3}},"loc":{"start":{"line":20,"column":26},"end":{"line":24,"column":3}},"line":20},"5":{"name":"(anonymous_5)","decl":{"start":{"line":25,"column":2},"end":{"line":25,"column":3}},"loc":{"start":{"line":25,"column":26},"end":{"line":28,"column":3}},"line":25}},"branchMap":{},"s":{"0":18,"1":18,"2":11,"3":3,"4":3,"5":3,"6":3,"7":3,"8":3,"9":2,"10":2},"f":{"0":18,"1":11,"2":3,"3":3,"4":3,"5":2},"b":{},"_coverageSchema":"43e27e138ebf9cfc5966b082cf9a028302ed4184","hash":"233a806d1698c3dab445900e198270a722696c5c"}
,"E:\\express-database\\latihan_database\\src\\service\\UserInfoService.js": {"path":"E:\\express-database\\latihan_database\\src\\service\\UserInfoService.js","statementMap":{"0":{"start":{"line":3,"column":4},"end":{"line":3,"column":21}},"1":{"start":{"line":4,"column":4},"end":{"line":4,"column":16}},"2":{"start":{"line":8,"column":4},"end":{"line":8,"column":39}},"3":{"start":{"line":12,"column":4},"end":{"line":12,"column":41}}},"fnMap":{"0":{"name":"(anonymous_0)","decl":{"start":{"line":2,"column":2},"end":{"line":2,"column":3}},"loc":{"start":{"line":2,"column":22},"end":{"line":5,"column":3}},"line":2},"1":{"name":"(anonymous_1)","decl":{"start":{"line":7,"column":2},"end":{"line":7,"column":3}},"loc":{"start":{"line":7,"column":19},"end":{"line":9,"column":3}},"line":7},"2":{"name":"(anonymous_2)","decl":{"start":{"line":11,"column":2},"end":{"line":11,"column":3}},"loc":{"start":{"line":11,"column":33},"end":{"line":13,"column":3}},"line":11}},"branchMap":{},"s":{"0":8,"1":8,"2":3,"3":3},"f":{"0":8,"1":3,"2":3},"b":{},"_coverageSchema":"43e27e138ebf9cfc5966b082cf9a028302ed4184","hash":"03e1830f3f72d38198715367a43db1673f962f0f"}
,"E:\\express-database\\latihan_database\\src\\service\\UserService.js": {"path":"E:\\express-database\\latihan_database\\src\\service\\UserService.js","statementMap":{"0":{"start":{"line":3,"column":4},"end":{"line":3,"column":21}},"1":{"start":{"line":4,"column":4},"end":{"line":4,"column":16}},"2":{"start":{"line":7,"column":4},"end":{"line":7,"column":35}},"3":{"start":{"line":10,"column":4},"end":{"line":10,"column":24}},"4":{"start":{"line":11,"column":4},"end":{"line":11,"column":37}},"5":{"start":{"line":14,"column":4},"end":{"line":14,"column":36}}},"fnMap":{"0":{"name":"(anonymous_0)","decl":{"start":{"line":2,"column":2},"end":{"line":2,"column":3}},"loc":{"start":{"line":2,"column":22},"end":{"line":5,"column":3}},"line":2},"1":{"name":"(anonymous_1)","decl":{"start":{"line":6,"column":2},"end":{"line":6,"column":3}},"loc":{"start":{"line":6,"column":15},"end":{"line":8,"column":3}},"line":6},"2":{"name":"(anonymous_2)","decl":{"start":{"line":9,"column":2},"end":{"line":9,"column":3}},"loc":{"start":{"line":9,"column":25},"end":{"line":12,"column":3}},"line":9},"3":{"name":"(anonymous_3)","decl":{"start":{"line":13,"column":2},"end":{"line":13,"column":3}},"loc":{"start":{"line":13,"column":17},"end":{"line":15,"column":3}},"line":13}},"branchMap":{},"s":{"0":12,"1":12,"2":3,"3":3,"4":3,"5":3},"f":{"0":12,"1":3,"2":3,"3":3},"b":{},"_coverageSchema":"43e27e138ebf9cfc5966b082cf9a028302ed4184","hash":"b9bdffb5160691e68fa308ad00f5f63a58ff268d"}
}
