TN:
SF:E:\express-database\latihan_database\src\logger.js
FNF:0
FNH:0
DA:3,8
LF:1
LH:1
BRF:0
BRH:0
end_of_record
TN:
SF:E:\express-database\latihan_database\src\server.js
FN:11,(anonymous_0)
FNF:1
FNH:0
FNDA:0,(anonymous_0)
DA:7,4
DA:8,4
DA:9,4
DA:10,4
DA:11,4
DA:12,0
DA:13,0
LF:7
LH:5
BRF:0
BRH:0
end_of_record
TN:
SF:E:\express-database\latihan_database\src\controller\category.controller.js
FN:6,(anonymous_0)
FN:17,(anonymous_1)
FN:28,(anonymous_2)
FN:40,(anonymous_3)
FN:52,(anonymous_4)
FNF:5
FNH:5
FNDA:3,(anonymous_0)
FNDA:3,(anonymous_1)
FNDA:3,(anonymous_2)
FNDA:3,(anonymous_3)
FNDA:2,(anonymous_4)
DA:4,5
DA:6,5
DA:7,3
DA:8,3
DA:11,2
DA:13,1
DA:17,5
DA:18,3
DA:19,3
DA:22,2
DA:24,1
DA:28,5
DA:29,3
DA:30,3
DA:31,3
DA:34,2
DA:36,1
DA:40,5
DA:41,3
DA:42,3
DA:43,3
DA:46,2
DA:48,1
DA:52,5
DA:53,2
DA:54,2
DA:55,1
DA:56,1
DA:59,1
DA:61,1
LF:30
LH:30
BRF:0
BRH:0
end_of_record
TN:
SF:E:\express-database\latihan_database\src\controller\product.controller.js
FN:6,(anonymous_0)
FN:17,(anonymous_1)
FN:28,(anonymous_2)
FN:40,(anonymous_3)
FN:52,(anonymous_4)
FNF:5
FNH:5
FNDA:3,(anonymous_0)
FNDA:3,(anonymous_1)
FNDA:3,(anonymous_2)
FNDA:3,(anonymous_3)
FNDA:3,(anonymous_4)
DA:4,5
DA:6,5
DA:7,3
DA:8,3
DA:11,2
DA:13,1
DA:17,5
DA:18,3
DA:19,3
DA:22,2
DA:24,1
DA:28,5
DA:29,3
DA:30,3
DA:31,3
DA:34,2
DA:36,1
DA:40,5
DA:41,3
DA:42,3
DA:43,3
DA:46,2
DA:48,1
DA:52,5
DA:53,3
DA:54,3
DA:55,1
DA:58,1
DA:60,2
LF:29
LH:29
BRF:0
BRH:0
end_of_record
TN:
SF:E:\express-database\latihan_database\src\controller\user.controller.js
FN:6,(anonymous_0)
FN:15,(anonymous_1)
FN:26,(anonymous_2)
FNF:3
FNH:3
FNDA:3,(anonymous_0)
FNDA:3,(anonymous_1)
FNDA:3,(anonymous_2)
DA:4,5
DA:6,5
DA:7,3
DA:8,3
DA:9,2
DA:11,1
DA:15,5
DA:16,3
DA:17,3
DA:20,2
DA:22,1
DA:26,5
DA:27,3
DA:28,3
DA:29,3
DA:32,2
DA:34,1
LF:17
LH:17
BRF:0
BRH:0
end_of_record
TN:
SF:E:\express-database\latihan_database\src\controller\userInfo.controller.js
FN:6,(anonymous_0)
FN:17,(anonymous_1)
FNF:2
FNH:2
FNDA:3,(anonymous_0)
FNDA:3,(anonymous_1)
DA:4,5
DA:6,5
DA:7,3
DA:8,3
DA:11,2
DA:13,1
DA:17,5
DA:18,3
DA:19,3
DA:22,2
DA:24,1
LF:11
LH:11
BRF:0
BRH:0
end_of_record
TN:
SF:E:\express-database\latihan_database\src\entities\category.schema.js
FNF:0
FNH:0
DA:4,5
LF:1
LH:1
BRF:0
BRH:0
end_of_record
TN:
SF:E:\express-database\latihan_database\src\entities\product.schema.js
FNF:0
FNH:0
DA:4,5
LF:1
LH:1
BRF:0
BRH:0
end_of_record
TN:
SF:E:\express-database\latihan_database\src\entities\status.schema.js
FNF:0
FNH:0
DA:4,5
LF:1
LH:1
BRF:0
BRH:0
end_of_record
TN:
SF:E:\express-database\latihan_database\src\entities\user.schema.js
FNF:0
FNH:0
DA:4,5
LF:1
LH:1
BRF:0
BRH:0
end_of_record
TN:
SF:E:\express-database\latihan_database\src\entities\userInfo.schema.js
FNF:0
FNH:0
DA:4,5
LF:1
LH:1
BRF:0
BRH:0
end_of_record
TN:
SF:E:\express-database\latihan_database\src\events\logging.event.js
FN:14,(anonymous_0)
FN:23,(anonymous_1)
FNF:2
FNH:2
FNDA:4,(anonymous_0)
FNDA:16,(anonymous_1)
DA:4,8
DA:14,8
DA:15,4
DA:16,4
DA:23,8
DA:24,16
DA:25,16
DA:30,8
LF:8
LH:8
BRF:0
BRH:0
end_of_record
TN:
SF:E:\express-database\latihan_database\src\middlewares\app-middleware.js
FNF:0
FNH:0
LF:0
LH:0
BRF:0
BRH:0
end_of_record
TN:
SF:E:\express-database\latihan_database\src\model\category.model.js
FN:2,(anonymous_0)
FNF:1
FNH:1
FNDA:15,(anonymous_0)
DA:3,15
DA:4,15
DA:5,15
LF:3
LH:3
BRF:0
BRH:0
end_of_record
TN:
SF:E:\express-database\latihan_database\src\model\product.model.js
FN:2,(anonymous_0)
FNF:1
FNH:1
FNDA:10,(anonymous_0)
DA:3,10
DA:4,10
DA:5,10
DA:6,10
LF:4
LH:4
BRF:0
BRH:0
end_of_record
TN:
SF:E:\express-database\latihan_database\src\model\status.model.js
FN:2,(anonymous_0)
FNF:1
FNH:1
FNDA:17,(anonymous_0)
DA:3,17
DA:4,17
LF:2
LH:2
BRF:0
BRH:0
end_of_record
TN:
SF:E:\express-database\latihan_database\src\model\user.model.js
FN:2,(anonymous_0)
FNF:1
FNH:1
FNDA:7,(anonymous_0)
DA:3,7
DA:4,7
DA:5,7
DA:6,7
LF:4
LH:4
BRF:0
BRH:0
end_of_record
TN:
SF:E:\express-database\latihan_database\src\model\userInfo.model.js
FN:2,(anonymous_0)
FNF:1
FNH:1
FNDA:9,(anonymous_0)
DA:3,9
DA:4,9
DA:5,9
DA:6,9
DA:7,9
LF:5
LH:5
BRF:0
BRH:0
end_of_record
TN:
SF:E:\express-database\latihan_database\src\repository\CategoryRepository.js
FN:5,(anonymous_0)
FN:9,(anonymous_1)
FN:14,(anonymous_2)
FN:28,(anonymous_3)
FN:32,(anonymous_4)
FN:36,(anonymous_5)
FNF:6
FNH:6
FNDA:14,(anonymous_0)
FNDA:7,(anonymous_1)
FNDA:2,(anonymous_2)
FNDA:2,(anonymous_3)
FNDA:2,(anonymous_4)
FNDA:1,(anonymous_5)
DA:6,14
DA:10,7
DA:11,4
DA:15,2
DA:18,1
DA:29,2
DA:30,1
DA:33,2
DA:34,1
DA:37,1
DA:38,1
DA:39,1
DA:40,1
LF:13
LH:13
BRF:0
BRH:0
end_of_record
TN:
SF:E:\express-database\latihan_database\src\repository\ProductRepository.js
FN:5,(anonymous_0)
FN:9,(anonymous_1)
FN:14,(anonymous_2)
FN:22,(anonymous_3)
FN:26,(anonymous_4)
FN:30,(anonymous_5)
FNF:6
FNH:6
FNDA:14,(anonymous_0)
FNDA:7,(anonymous_1)
FNDA:2,(anonymous_2)
FNDA:2,(anonymous_3)
FNDA:2,(anonymous_4)
FNDA:1,(anonymous_5)
DA:6,14
DA:10,7
DA:11,4
DA:15,2
DA:16,2
DA:19,1
DA:23,2
DA:24,1
DA:27,2
DA:28,1
DA:31,1
DA:32,1
LF:12
LH:12
BRF:0
BRH:0
end_of_record
TN:
SF:E:\express-database\latihan_database\src\repository\UserInfoRepository.js
FN:5,(anonymous_0)
FN:9,(anonymous_1)
FN:14,(anonymous_2)
FNF:3
FNH:3
FNDA:4,(anonymous_0)
FNDA:2,(anonymous_1)
FNDA:2,(anonymous_2)
DA:6,4
DA:10,2
DA:11,1
DA:15,2
DA:18,1
LF:5
LH:5
BRF:0
BRH:0
end_of_record
TN:
SF:E:\express-database\latihan_database\src\repository\UserRepository.js
FN:5,(anonymous_0)
FN:9,(anonymous_1)
FN:32,(anonymous_2)
FN:39,(anonymous_3)
FNF:4
FNH:4
FNDA:4,(anonymous_0)
FNDA:2,(anonymous_1)
FNDA:2,(anonymous_2)
FNDA:2,(anonymous_3)
DA:6,4
DA:10,2
DA:16,1
DA:17,1
DA:33,2
DA:36,1
DA:40,2
DA:41,2
DA:42,1
DA:43,1
LF:10
LH:10
BRF:0
BRH:0
end_of_record
TN:
SF:E:\express-database\latihan_database\src\routes\CategoryRouter.js
FN:12,(anonymous_0)
FN:13,(anonymous_1)
FN:16,(anonymous_2)
FN:17,(anonymous_3)
FN:18,(anonymous_4)
FNF:5
FNH:5
FNDA:1,(anonymous_0)
FNDA:1,(anonymous_1)
FNDA:1,(anonymous_2)
FNDA:1,(anonymous_3)
FNDA:1,(anonymous_4)
DA:11,4
DA:12,1
DA:14,1
DA:16,1
DA:17,1
DA:19,1
LF:6
LH:6
BRF:0
BRH:0
end_of_record
TN:
SF:E:\express-database\latihan_database\src\routes\ProductRouter.js
FN:12,(anonymous_0)
FN:13,(anonymous_1)
FN:16,(anonymous_2)
FN:17,(anonymous_3)
FN:18,(anonymous_4)
FNF:5
FNH:5
FNDA:1,(anonymous_0)
FNDA:1,(anonymous_1)
FNDA:1,(anonymous_2)
FNDA:1,(anonymous_3)
FNDA:1,(anonymous_4)
DA:11,4
DA:12,1
DA:14,1
DA:16,1
DA:17,1
DA:19,1
LF:6
LH:6
BRF:0
BRH:0
end_of_record
TN:
SF:E:\express-database\latihan_database\src\routes\UserInfoRouter.js
FN:9,(anonymous_0)
FN:10,(anonymous_1)
FNF:2
FNH:2
FNDA:1,(anonymous_0)
FNDA:1,(anonymous_1)
DA:8,4
DA:9,1
DA:11,1
LF:3
LH:3
BRF:0
BRH:0
end_of_record
TN:
SF:E:\express-database\latihan_database\src\routes\UserRouter.js
FN:10,(anonymous_0)
FN:11,(anonymous_1)
FN:14,(anonymous_2)
FNF:3
FNH:3
FNDA:1,(anonymous_0)
FNDA:1,(anonymous_1)
FNDA:1,(anonymous_2)
DA:9,4
DA:10,1
DA:12,1
DA:14,1
LF:4
LH:4
BRF:0
BRH:0
end_of_record
TN:
SF:E:\express-database\latihan_database\src\routes\index.js
FN:31,(anonymous_0)
FN:34,(anonymous_1)
FN:47,(anonymous_2)
FNF:3
FNH:1
FNDA:0,(anonymous_0)
FNDA:0,(anonymous_1)
FNDA:4,(anonymous_2)
DA:33,0
DA:34,0
DA:35,0
DA:36,0
DA:38,0
DA:53,4
LF:6
LH:1
BRDA:35,0,0,0
BRDA:35,0,1,0
BRF:2
BRH:0
end_of_record
TN:
SF:E:\express-database\latihan_database\src\service\CategoryService.js
FN:2,(anonymous_0)
FN:7,(anonymous_1)
FN:10,(anonymous_2)
FN:13,(anonymous_3)
FN:18,(anonymous_4)
FN:23,(anonymous_5)
FNF:6
FNH:6
FNDA:18,(anonymous_0)
FNDA:11,(anonymous_1)
FNDA:3,(anonymous_2)
FNDA:3,(anonymous_3)
FNDA:3,(anonymous_4)
FNDA:2,(anonymous_5)
DA:3,18
DA:4,18
DA:8,11
DA:11,3
DA:14,3
DA:16,3
DA:19,3
DA:21,3
DA:24,2
DA:25,2
LF:10
LH:10
BRF:0
BRH:0
end_of_record
TN:
SF:E:\express-database\latihan_database\src\service\ProductService.js
FN:2,(anonymous_0)
FN:7,(anonymous_1)
FN:11,(anonymous_2)
FN:15,(anonymous_3)
FN:20,(anonymous_4)
FN:25,(anonymous_5)
FNF:6
FNH:6
FNDA:18,(anonymous_0)
FNDA:11,(anonymous_1)
FNDA:3,(anonymous_2)
FNDA:3,(anonymous_3)
FNDA:3,(anonymous_4)
FNDA:2,(anonymous_5)
DA:3,18
DA:4,18
DA:9,11
DA:12,3
DA:13,3
DA:16,3
DA:18,3
DA:21,3
DA:23,3
DA:26,2
DA:27,2
LF:11
LH:11
BRF:0
BRH:0
end_of_record
TN:
SF:E:\express-database\latihan_database\src\service\UserInfoService.js
FN:2,(anonymous_0)
FN:7,(anonymous_1)
FN:11,(anonymous_2)
FNF:3
FNH:3
FNDA:8,(anonymous_0)
FNDA:3,(anonymous_1)
FNDA:3,(anonymous_2)
DA:3,8
DA:4,8
DA:8,3
DA:12,3
LF:4
LH:4
BRF:0
BRH:0
end_of_record
TN:
SF:E:\express-database\latihan_database\src\service\UserService.js
FN:2,(anonymous_0)
FN:6,(anonymous_1)
FN:9,(anonymous_2)
FN:13,(anonymous_3)
FNF:4
FNH:4
FNDA:12,(anonymous_0)
FNDA:3,(anonymous_1)
FNDA:3,(anonymous_2)
FNDA:3,(anonymous_3)
DA:3,12
DA:4,12
DA:7,3
DA:10,3
DA:11,3
DA:14,3
LF:6
LH:6
BRF:0
BRH:0
end_of_record
